#
# There is insufficient memory for the Java Runtime Environment to continue.
# Native memory allocation (malloc) failed to allocate 177616 bytes for Chunk::new
# Possible reasons:
#   The system is out of physical RAM or swap space
#   The process is running with CompressedOops enabled, and the Java Heap may be blocking the growth of the native heap
# Possible solutions:
#   Reduce memory load on the system
#   Increase physical memory or swap space
#   Check if swap backing store is full
#   Decrease Java heap size (-Xmx/-Xms)
#   Decrease number of Java threads
#   Decrease Java thread stack sizes (-Xss)
#   Set larger code cache with -XX:ReservedCodeCacheSize=
#   JVM is running with Unscaled Compressed Oops mode in which the Java heap is
#     placed in the first 4GB address space. The Java Heap base address is the
#     maximum limit for the native heap growth. Please use -XX:HeapBaseMinAddress
#     to set the Java Heap base and to place the Java Heap above 4GB virtual address.
# This output file may be truncated or incomplete.
#
#  Out of Memory Error (allocation.cpp:389), pid=9596, tid=0x0000000000002ad4
#
# JRE version: OpenJDK Runtime Environment (8.0_222-b10) (build 1.8.0_222-b10)
# Java VM: OpenJDK 64-Bit Server VM (25.222-b10 mixed mode windows-amd64 compressed oops)
# Failed to write core dump. Minidumps are not enabled by default on client versions of Windows
#

---------------  T H R E A D  ---------------

Current thread (0x00000176a0174800):  JavaThread "C2 CompilerThread0" daemon [_thread_in_native, id=10964, stack(0x0000006fa2800000,0x0000006fa2900000)]

Stack: [0x0000006fa2800000,0x0000006fa2900000]
[error occurred during error reporting (printing stack bounds), id 0xc0000005]

Native frames: (J=compiled Java code, j=interpreted, Vv=VM code, C=native code)


Current CompileTask:
C2:    605 1008       4       java.io.DataOutputStream::writeUTF (435 bytes)


---------------  P R O C E S S  ---------------

Java Threads: ( => current thread )
  0x00000176a0186800 JavaThread "Service Thread" daemon [_thread_blocked, id=4972, stack(0x0000006fa2c00000,0x0000006fa2d00000)]
  0x00000176a017b800 JavaThread "C1 CompilerThread3" daemon [_thread_blocked, id=9692, stack(0x0000006fa2b00000,0x0000006fa2c00000)]
  0x00000176a0177000 JavaThread "C2 CompilerThread2" daemon [_thread_blocked, id=12268, stack(0x0000006fa2a00000,0x0000006fa2b00000)]
  0x00000176a0176000 JavaThread "C2 CompilerThread1" daemon [_thread_blocked, id=2420, stack(0x0000006fa2900000,0x0000006fa2a00000)]
=>0x00000176a0174800 JavaThread "C2 CompilerThread0" daemon [_thread_in_native, id=10964, stack(0x0000006fa2800000,0x0000006fa2900000)]
  0x00000176a0170800 JavaThread "Attach Listener" daemon [_thread_blocked, id=12576, stack(0x0000006fa2700000,0x0000006fa2800000)]
  0x00000176a016f800 JavaThread "Signal Dispatcher" daemon [_thread_blocked, id=12324, stack(0x0000006fa2600000,0x0000006fa2700000)]
  0x00000176a0146800 JavaThread "Finalizer" daemon [_thread_blocked, id=1300, stack(0x0000006fa2500000,0x0000006fa2600000)]
  0x00000176a013f000 JavaThread "Reference Handler" daemon [_thread_blocked, id=12400, stack(0x0000006fa2400000,0x0000006fa2500000)]
  0x0000017689f05000 JavaThread "main" [_thread_in_vm, id=14492, stack(0x0000006fa1a00000,0x0000006fa1b00000)]

Other Threads:
  0x00000176a0115800 VMThread [stack: 0x0000006fa2300000,0x0000006fa2400000] [id=8792]
  0x00000176a1fdd800 WatcherThread [stack: 0x0000006fa2d00000,0x0000006fa2e00000] [id=13204]

VM state:not at safepoint (normal execution)

VM Mutex/Monitor currently owned by a thread: None

heap address: 0x0000000081c00000, size: 2020 MB, Compressed Oops mode: 32-bit
Narrow klass base: 0x0000000000000000, Narrow klass shift: 3
Compressed class space size: 1073741824 Address: 0x0000000100000000

Heap:
 PSYoungGen      total 38400K, used 32079K [0x00000000d5f00000, 0x00000000d8980000, 0x0000000100000000)
  eden space 33280K, 81% used [0x00000000d5f00000,0x00000000d79596a0,0x00000000d7f80000)
  from space 5120K, 99% used [0x00000000d7f80000,0x00000000d847a690,0x00000000d8480000)
  to   space 5120K, 0% used [0x00000000d8480000,0x00000000d8480000,0x00000000d8980000)
 ParOldGen       total 87552K, used 190K [0x0000000081c00000, 0x0000000087180000, 0x00000000d5f00000)
  object space 87552K, 0% used [0x0000000081c00000,0x0000000081c2f8d0,0x0000000087180000)
 Metaspace       used 11429K, capacity 11574K, committed 11776K, reserved 1058816K
  class space    used 1411K, capacity 1510K, committed 1536K, reserved 1048576K

Card table byte_map: [0x000001769ad20000,0x000001769b120000] byte_map_base: 0x000001769a912000

Marking Bits: (ParMarkBitMap*) 0x000000005b564e90
 Begin Bits: [0x000001769b3d0000, 0x000001769d360000)
 End Bits:   [0x000001769d360000, 0x000001769f2f0000)

Polling page: 0x0000017689ea0000

CodeCache: size=245760Kb used=3825Kb max_used=3840Kb free=241934Kb
 bounds [0x000001768b960000, 0x000001768bd30000, 0x000001769a960000]
 total_blobs=1319 nmethods=1012 adapters=220
 compilation: enabled

Compilation events (10 events):
Event: 0.600 Thread 0x00000176a0174800 1008       4       java.io.DataOutputStream::writeUTF (435 bytes)
Event: 0.600 Thread 0x00000176a017b800 nmethod 1007 0x000001768bd1a490 code [0x000001768bd1a620, 0x000001768bd1abe0]
Event: 0.600 Thread 0x00000176a017b800 1009       3       com.google.inject.Key::getAnnotationType (10 bytes)
Event: 0.600 Thread 0x00000176a017b800 nmethod 1009 0x000001768bd1a010 code [0x000001768bd1a180, 0x000001768bd1a3b0]
Event: 0.602 Thread 0x00000176a017b800 1010       3       java.lang.Boolean::valueOf (14 bytes)
Event: 0.602 Thread 0x00000176a017b800 nmethod 1010 0x000001768bd19c90 code [0x000001768bd19de0, 0x000001768bd19f78]
Event: 0.602 Thread 0x00000176a017b800 1011       3       com.google.inject.internal.Errors::withSource (29 bytes)
Event: 0.603 Thread 0x00000176a017b800 nmethod 1011 0x000001768bd1c950 code [0x000001768bd1cac0, 0x000001768bd1ce18]
Event: 0.603 Thread 0x00000176a017b800 1012       3       com.google.inject.internal.Errors::<init> (23 bytes)
Event: 0.603 Thread 0x00000176a017b800 nmethod 1012 0x000001768bd1cf10 code [0x000001768bd1d080, 0x000001768bd1d278]

GC Heap History (2 events):
Event: 0.408 GC heap before
{Heap before GC invocations=1 (full 0):
 PSYoungGen      total 38400K, used 33280K [0x00000000d5f00000, 0x00000000d8980000, 0x0000000100000000)
  eden space 33280K, 100% used [0x00000000d5f00000,0x00000000d7f80000,0x00000000d7f80000)
  from space 5120K, 0% used [0x00000000d8480000,0x00000000d8480000,0x00000000d8980000)
  to   space 5120K, 0% used [0x00000000d7f80000,0x00000000d7f80000,0x00000000d8480000)
 ParOldGen       total 87552K, used 0K [0x0000000081c00000, 0x0000000087180000, 0x00000000d5f00000)
  object space 87552K, 0% used [0x0000000081c00000,0x0000000081c00000,0x0000000087180000)
 Metaspace       used 7974K, capacity 8092K, committed 8192K, reserved 1056768K
  class space    used 977K, capacity 1016K, committed 1024K, reserved 1048576K
Event: 0.411 GC heap after
Heap after GC invocations=1 (full 0):
 PSYoungGen      total 38400K, used 5097K [0x00000000d5f00000, 0x00000000d8980000, 0x0000000100000000)
  eden space 33280K, 0% used [0x00000000d5f00000,0x00000000d5f00000,0x00000000d7f80000)
  from space 5120K, 99% used [0x00000000d7f80000,0x00000000d847a690,0x00000000d8480000)
  to   space 5120K, 0% used [0x00000000d8480000,0x00000000d8480000,0x00000000d8980000)
 ParOldGen       total 87552K, used 190K [0x0000000081c00000, 0x0000000087180000, 0x00000000d5f00000)
  object space 87552K, 0% used [0x0000000081c00000,0x0000000081c2f8d0,0x0000000087180000)
 Metaspace       used 7974K, capacity 8092K, committed 8192K, reserved 1056768K
  class space    used 977K, capacity 1016K, committed 1024K, reserved 1048576K
}

Deoptimization events (2 events):
Event: 0.306 Thread 0x0000017689f05000 Uncommon trap: reason=range_check action=make_not_entrant pc=0x000001768bb95da0 method=sun.reflect.generics.parser.SignatureParser.current()C @ 34
Event: 0.310 Thread 0x0000017689f05000 Uncommon trap: reason=unstable_if action=reinterpret pc=0x000001768bafd024 method=org.codehaus.plexus.util.xml.pull.MXParser.more()C @ 8

Classes redefined (0 events):
No events

Internal exceptions (10 events):
Event: 0.305 Thread 0x0000017689f05000 Exception <a 'java/lang/ArrayIndexOutOfBoundsException'> (0x00000000d6f8e628) thrown at [C:\cygwin64\tmp\openjdk-jdk8u-windows-x64-hotspot\workspace\build\src\hotspot\src\share\vm\runtime\sharedRuntime.cpp, line 605]
Event: 0.305 Thread 0x0000017689f05000 Exception <a 'java/lang/ArrayIndexOutOfBoundsException'> (0x00000000d6f8f3c8) thrown at [C:\cygwin64\tmp\openjdk-jdk8u-windows-x64-hotspot\workspace\build\src\hotspot\src\share\vm\runtime\sharedRuntime.cpp, line 605]
Event: 0.305 Thread 0x0000017689f05000 Exception <a 'java/lang/ArrayIndexOutOfBoundsException'> (0x00000000d6f919f8) thrown at [C:\cygwin64\tmp\openjdk-jdk8u-windows-x64-hotspot\workspace\build\src\hotspot\src\share\vm\runtime\sharedRuntime.cpp, line 605]
Event: 0.306 Thread 0x0000017689f05000 Exception <a 'java/lang/ArrayIndexOutOfBoundsException'> (0x00000000d6f93e60) thrown at [C:\cygwin64\tmp\openjdk-jdk8u-windows-x64-hotspot\workspace\build\src\hotspot\src\share\vm\runtime\sharedRuntime.cpp, line 605]
Event: 0.306 Thread 0x0000017689f05000 Exception <a 'java/lang/ArrayIndexOutOfBoundsException'> (0x00000000d6f953b8) thrown at [C:\cygwin64\tmp\openjdk-jdk8u-windows-x64-hotspot\workspace\build\src\hotspot\src\share\vm\runtime\sharedRuntime.cpp, line 605]
Event: 0.306 Thread 0x0000017689f05000 Exception <a 'java/lang/ArrayIndexOutOfBoundsException'> (0x00000000d6f96300) thrown at [C:\cygwin64\tmp\openjdk-jdk8u-windows-x64-hotspot\workspace\build\src\hotspot\src\share\vm\runtime\sharedRuntime.cpp, line 605]
Event: 0.306 Thread 0x0000017689f05000 Exception <a 'java/lang/ArrayIndexOutOfBoundsException'> (0x00000000d6f97a50) thrown at [C:\cygwin64\tmp\openjdk-jdk8u-windows-x64-hotspot\workspace\build\src\hotspot\src\share\vm\runtime\sharedRuntime.cpp, line 605]
Event: 0.306 Thread 0x0000017689f05000 Exception <a 'java/lang/ArrayIndexOutOfBoundsException': 100> (0x00000000d6f99190) thrown at [C:\cygwin64\tmp\openjdk-jdk8u-windows-x64-hotspot\workspace\build\src\hotspot\src\share\vm\interpreter\interpreterRuntime.cpp, line 368]
Event: 0.375 Thread 0x0000017689f05000 Exception <a 'java/lang/ArrayIndexOutOfBoundsException'> (0x00000000d7c54150) thrown at [C:\cygwin64\tmp\openjdk-jdk8u-windows-x64-hotspot\workspace\build\src\hotspot\src\share\vm\runtime\sharedRuntime.cpp, line 605]
Event: 0.375 Thread 0x0000017689f05000 Exception <a 'java/lang/ArrayIndexOutOfBoundsException'> (0x00000000d7c55af8) thrown at [C:\cygwin64\tmp\openjdk-jdk8u-windows-x64-hotspot\workspace\build\src\hotspot\src\share\vm\runtime\sharedRuntime.cpp, line 605]

Events (10 events):
Event: 0.602 loading class com/google/inject/internal/ProvisionListenerStackCallback$ProvisionCallback
Event: 0.602 loading class com/google/inject/internal/ProvisionListenerStackCallback$ProvisionCallback done
Event: 0.602 loading class com/google/inject/internal/InjectorOptionsProcessor
Event: 0.602 loading class com/google/inject/internal/InjectorOptionsProcessor done
Event: 0.602 loading class com/google/inject/internal/InjectorImpl$InjectorOptions
Event: 0.602 loading class com/google/inject/internal/InjectorImpl$InjectorOptions done
Event: 0.603 loading class com/google/inject/internal/InjectorImpl
Event: 0.603 loading class com/google/inject/internal/InjectorImpl done
Event: 0.603 loading class com/google/inject/internal/Lookups
Event: 0.603 loading class com/google/inject/internal/Lookups done


Dynamic libraries:
0x00007ff76e7a0000 - 0x00007ff76e7da000 	C:\Program Files\AdoptOpenJDK\jdk-8.0.222.10-hotspot\bin\java.exe
0x00007ff95e360000 - 0x00007ff95e550000 	C:\WINDOWS\SYSTEM32\ntdll.dll
0x00007ff95ce20000 - 0x00007ff95ced2000 	C:\WINDOWS\System32\KERNEL32.DLL
0x00007ff95be30000 - 0x00007ff95c0d3000 	C:\WINDOWS\System32\KERNELBASE.dll
0x00007ff958ef0000 - 0x00007ff958f7f000 	C:\WINDOWS\SYSTEM32\apphelp.dll
0x00007ff95d1d0000 - 0x00007ff95d273000 	C:\WINDOWS\System32\ADVAPI32.dll
0x00007ff95d130000 - 0x00007ff95d1ce000 	C:\WINDOWS\System32\msvcrt.dll
0x00007ff95d710000 - 0x00007ff95d7a7000 	C:\WINDOWS\System32\sechost.dll
0x00007ff95df00000 - 0x00007ff95e020000 	C:\WINDOWS\System32\RPCRT4.dll
0x00007ff95e120000 - 0x00007ff95e2b4000 	C:\WINDOWS\System32\USER32.dll
0x00007ff95b2f0000 - 0x00007ff95b311000 	C:\WINDOWS\System32\win32u.dll
0x00007ff95e020000 - 0x00007ff95e046000 	C:\WINDOWS\System32\GDI32.dll
0x00007ff95b3e0000 - 0x00007ff95b574000 	C:\WINDOWS\System32\gdi32full.dll
0x00007ff95b340000 - 0x00007ff95b3de000 	C:\WINDOWS\System32\msvcp_win.dll
0x00007ff95c1c0000 - 0x00007ff95c2ba000 	C:\WINDOWS\System32\ucrtbase.dll
0x00007ff94aa10000 - 0x00007ff94ac95000 	C:\WINDOWS\WinSxS\amd64_microsoft.windows.common-controls_6595b64144ccf1df_6.0.18362.418_none_e6c6b287130d565d\COMCTL32.dll
0x00007ff95dad0000 - 0x00007ff95de06000 	C:\WINDOWS\System32\combase.dll
0x00007ff95bdb0000 - 0x00007ff95be30000 	C:\WINDOWS\System32\bcryptPrimitives.dll
0x00007ff95da40000 - 0x00007ff95da6e000 	C:\WINDOWS\System32\IMM32.DLL
0x00007ff92e930000 - 0x00007ff92ea1f000 	C:\Program Files\AdoptOpenJDK\jdk-8.0.222.10-hotspot\jre\bin\msvcr120.dll
0x00007ff92e880000 - 0x00007ff92e926000 	C:\Program Files\AdoptOpenJDK\jdk-8.0.222.10-hotspot\jre\bin\msvcp120.dll
0x000000005ade0000 - 0x000000005b5de000 	C:\Program Files\AdoptOpenJDK\jdk-8.0.222.10-hotspot\jre\bin\server\jvm.dll
0x00007ff95d7c0000 - 0x00007ff95d7c8000 	C:\WINDOWS\System32\PSAPI.DLL
0x00007ff945500000 - 0x00007ff945509000 	C:\WINDOWS\SYSTEM32\WSOCK32.dll
0x00007ff957590000 - 0x00007ff9575b4000 	C:\WINDOWS\SYSTEM32\WINMM.dll
0x00007ff95de90000 - 0x00007ff95deff000 	C:\WINDOWS\System32\WS2_32.dll
0x00007ff953620000 - 0x00007ff95362a000 	C:\WINDOWS\SYSTEM32\VERSION.dll
0x00007ff957560000 - 0x00007ff95758d000 	C:\WINDOWS\SYSTEM32\winmmbase.dll
0x00007ff95bd60000 - 0x00007ff95bdaa000 	C:\WINDOWS\System32\cfgmgr32.dll
0x00007ff955190000 - 0x00007ff95519f000 	C:\Program Files\AdoptOpenJDK\jdk-8.0.222.10-hotspot\jre\bin\verify.dll
0x00007ff938660000 - 0x00007ff938688000 	C:\Program Files\AdoptOpenJDK\jdk-8.0.222.10-hotspot\jre\bin\java.dll
0x00007ff93fd20000 - 0x00007ff93fd36000 	C:\Program Files\AdoptOpenJDK\jdk-8.0.222.10-hotspot\jre\bin\zip.dll
0x00007ff95c410000 - 0x00007ff95caf5000 	C:\WINDOWS\System32\SHELL32.dll
0x00007ff95cf60000 - 0x00007ff95d009000 	C:\WINDOWS\System32\shcore.dll
0x00007ff95b580000 - 0x00007ff95bcff000 	C:\WINDOWS\System32\windows.storage.dll
0x00007ff95b2b0000 - 0x00007ff95b2cf000 	C:\WINDOWS\System32\profapi.dll
0x00007ff95b260000 - 0x00007ff95b2aa000 	C:\WINDOWS\System32\powrprof.dll
0x00007ff95b230000 - 0x00007ff95b240000 	C:\WINDOWS\System32\UMPDC.dll
0x00007ff95e2c0000 - 0x00007ff95e312000 	C:\WINDOWS\System32\shlwapi.dll
0x00007ff95b240000 - 0x00007ff95b251000 	C:\WINDOWS\System32\kernel.appcore.dll
0x00007ff95b320000 - 0x00007ff95b337000 	C:\WINDOWS\System32\cryptsp.dll

VM Arguments:
jvm_args: -Dclassworlds.conf=C:\Users\Abhijeet\netbeans\java\maven\bin\m2.conf -Dmaven.home=C:\Users\Abhijeet\netbeans\java\maven -Dmaven.multiModuleProjectDirectory=C:\Users\Abhijeet\Documents\NetBeansProjects\TaxiDriver 
java_command: org.codehaus.plexus.classworlds.launcher.Launcher -Dexec.args=-xms128M -classpath %classpath bphc.taxidriver.Main -Dexec.executable=C:\Program Files\AdoptOpenJDK\jdk-8.0.222.10-hotspot\bin\java.exe -Dmaven.ext.class.path=C:\Users\Abhijeet\netbeans\java\maven-nblib\netbeans-eventspy.jar -Dfile.encoding=UTF-8 org.codehaus.mojo:exec-maven-plugin:1.5.0:exec
java_class_path (initial): C:\Users\Abhijeet\netbeans\java\maven\boot\plexus-classworlds-2.5.2.jar
Launcher Type: SUN_STANDARD

Environment Variables:
JAVA_HOME=C:\Program Files\AdoptOpenJDK\jdk-8.0.222.10-hotspot
PATH=C:\Program Files\AdoptOpenJDK\jdk-8.0.222.10-hotspot\bin;C:\Program Files (x86)\Intel\Intel(R) Management Engine Components\iCLS\;C:\Program Files\Intel\Intel(R) Management Engine Components\iCLS\;C:\Windows\system32;C:\Windows;C:\Windows\System32\Wbem;C:\Windows\System32\WindowsPowerShell\v1.0\;C:\Program Files (x86)\Intel\Intel(R) Management Engine Components\DAL;C:\Program Files\Intel\Intel(R) Management Engine Components\DAL;C:\Program Files (x86)\Intel\Intel(R) Management Engine Components\IPT;C:\Program Files\Intel\Intel(R) Management Engine Components\IPT;C:\Program Files (x86)\NVIDIA Corporation\PhysX\Common;C:\Program Files\Intel\WiFi\bin\;C:\Program Files\Common Files\Intel\WirelessCommon\;C:\WINDOWS\system32;C:\WINDOWS;C:\WINDOWS\System32\Wbem;C:\WINDOWS\System32\WindowsPowerShell\v1.0\;C:\WINDOWS\System32\OpenSSH\;C:\Program Files\Git\cmd;C:\Util;C:\Program Files\dotnet\;C:\Users\Abhijeet\AppData\Local\Programs\Python\Python37-32\Scripts\;C:\Users\Abhijeet\AppData\Local\Programs\Python\Python37-32\;C:\Users\Abhijeet\AppData\Local\Microsoft\WindowsApps;C:\Users\Abhijeet\AppData\Local\Programs\Microsoft VS Code\bin
USERNAME=Abhijeet
OS=Windows_NT
PROCESSOR_IDENTIFIER=Intel64 Family 6 Model 158 Stepping 10, GenuineIntel



---------------  S Y S T E M  ---------------

OS: Windows 10.0 , 64 bit Build 18362 (10.0.18362.329)

CPU:total 8 (initial active 8) (4 cores per cpu, 2 threads per core) family 6 model 158 stepping 10, cmov, cx8, fxsr, mmx, sse, sse2, sse3, ssse3, sse4.1, sse4.2, popcnt, avx, avx2, aes, clmul, erms, 3dnowpref, lzcnt, ht, tsc, tscinvbit, bmi1, bmi2, adx

Memory: 4k page, physical 8273716k(1710432k free), swap 17002416k(5516k free)

vm_info: OpenJDK 64-Bit Server VM (25.222-b10) for windows-amd64 JRE (1.8.0_222-b10), built on Jul 17 2019 08:11:33 by "jenkins" with MS VC++ 12.0 (VS2013)

time: Tue Nov 12 07:33:53 2019
timezone: India Standard Time
elapsed time: 0 seconds (0d 0h 0m 0s)

