#
# There is insufficient memory for the Java Runtime Environment to continue.
# Native memory allocation (malloc) failed to allocate 1048576 bytes for AllocateHeap
# Possible reasons:
#   The system is out of physical RAM or swap space
#   The process is running with CompressedOops enabled, and the Java Heap may be blocking the growth of the native heap
# Possible solutions:
#   Reduce memory load on the system
#   Increase physical memory or swap space
#   Check if swap backing store is full
#   Decrease Java heap size (-Xmx/-Xms)
#   Decrease number of Java threads
#   Decrease Java thread stack sizes (-Xss)
#   Set larger code cache with -XX:ReservedCodeCacheSize=
#   JVM is running with Unscaled Compressed Oops mode in which the Java heap is
#     placed in the first 4GB address space. The Java Heap base address is the
#     maximum limit for the native heap growth. Please use -XX:HeapBaseMinAddress
#     to set the Java Heap base and to place the Java Heap above 4GB virtual address.
# This output file may be truncated or incomplete.
#
#  Out of Memory Error (memory/allocation.inline.hpp:61), pid=5712, tid=0x00000000000022a4
#
# JRE version:  (8.0_222-b10) (build )
# Java VM: OpenJDK 64-Bit Server VM (25.222-b10 mixed mode windows-amd64 compressed oops)
# Failed to write core dump. Minidumps are not enabled by default on client versions of Windows
#

---------------  T H R E A D  ---------------

Current thread (0x0000021196b62800):  JavaThread "Unknown thread" [_thread_in_vm, id=8868, stack(0x0000006986600000,0x0000006986700000)]

Stack: [0x0000006986600000,0x0000006986700000]
[error occurred during error reporting (printing stack bounds), id 0xc0000005]

Native frames: (J=compiled Java code, j=interpreted, Vv=VM code, C=native code)


---------------  P R O C E S S  ---------------

Java Threads: ( => current thread )

Other Threads:

=>0x0000021196b62800 (exited) JavaThread "Unknown thread" [_thread_in_vm, id=8868, stack(0x0000006986600000,0x0000006986700000)]

VM state:not at safepoint (normal execution)

VM Mutex/Monitor currently owned by a thread: None

heap address: 0x0000000081c00000, size: 2020 MB, Compressed Oops mode: 32-bit
Narrow klass base: 0x0000000000000000, Narrow klass shift: 3
Compressed class space size: 1073741824 Address: 0x0000000100000000

Heap:
 PSYoungGen      total 38400K, used 665K [0x00000000d5f00000, 0x00000000d8980000, 0x0000000100000000)
  eden space 33280K, 2% used [0x00000000d5f00000,0x00000000d5fa6670,0x00000000d7f80000)
  from space 5120K, 0% used [0x00000000d8480000,0x00000000d8480000,0x00000000d8980000)
  to   space 5120K, 0% used [0x00000000d7f80000,0x00000000d7f80000,0x00000000d8480000)
 ParOldGen       total 87552K, used 0K [0x0000000081c00000, 0x0000000087180000, 0x00000000d5f00000)
  object space 87552K, 0% used [0x0000000081c00000,0x0000000081c00000,0x0000000087180000)
 Metaspace       used 778K, capacity 4480K, committed 4480K, reserved 1056768K
  class space    used 74K, capacity 384K, committed 384K, reserved 1048576K

Card table byte_map: [0x00000211a78c0000,0x00000211a7cc0000] byte_map_base: 0x00000211a74b2000

Marking Bits: (ParMarkBitMap*) 0x000000005b564e90
 Begin Bits: [0x00000211a7f70000, 0x00000211a9f00000)
 End Bits:   [0x00000211a9f00000, 0x00000211abe90000)

Polling page: 0x0000021196b10000

CodeCache: size=245760Kb used=328Kb max_used=328Kb free=245431Kb
 bounds [0x0000021198500000, 0x0000021198770000, 0x00000211a7500000]
 total_blobs=57 nmethods=0 adapters=38
 compilation: enabled

Compilation events (0 events):
No events

GC Heap History (0 events):
No events

Deoptimization events (0 events):
No events

Classes redefined (0 events):
No events

Internal exceptions (0 events):
No events

Events (10 events):
Event: 0.019 loading class java/lang/Short
Event: 0.019 loading class java/lang/Short done
Event: 0.019 loading class java/lang/Integer
Event: 0.019 loading class java/lang/Integer done
Event: 0.019 loading class java/lang/Long
Event: 0.019 loading class java/lang/Long done
Event: 0.020 loading class java/lang/NullPointerException
Event: 0.020 loading class java/lang/NullPointerException done
Event: 0.020 loading class java/lang/ArithmeticException
Event: 0.020 loading class java/lang/ArithmeticException done


Dynamic libraries:
0x00007ff76e7a0000 - 0x00007ff76e7da000 	C:\Program Files\AdoptOpenJDK\jdk-8.0.222.10-hotspot\bin\java.exe
0x00007ff95e360000 - 0x00007ff95e550000 	C:\WINDOWS\SYSTEM32\ntdll.dll
0x00007ff95ce20000 - 0x00007ff95ced2000 	C:\WINDOWS\System32\KERNEL32.DLL
0x00007ff95be30000 - 0x00007ff95c0d3000 	C:\WINDOWS\System32\KERNELBASE.dll
0x00007ff958ef0000 - 0x00007ff958f7f000 	C:\WINDOWS\SYSTEM32\apphelp.dll
0x00007ff95d1d0000 - 0x00007ff95d273000 	C:\WINDOWS\System32\ADVAPI32.dll
0x00007ff95d130000 - 0x00007ff95d1ce000 	C:\WINDOWS\System32\msvcrt.dll
0x00007ff95d710000 - 0x00007ff95d7a7000 	C:\WINDOWS\System32\sechost.dll
0x00007ff95df00000 - 0x00007ff95e020000 	C:\WINDOWS\System32\RPCRT4.dll
0x00007ff95e120000 - 0x00007ff95e2b4000 	C:\WINDOWS\System32\USER32.dll
0x00007ff95b2f0000 - 0x00007ff95b311000 	C:\WINDOWS\System32\win32u.dll
0x00007ff95e020000 - 0x00007ff95e046000 	C:\WINDOWS\System32\GDI32.dll
0x00007ff95b3e0000 - 0x00007ff95b574000 	C:\WINDOWS\System32\gdi32full.dll
0x00007ff95b340000 - 0x00007ff95b3de000 	C:\WINDOWS\System32\msvcp_win.dll
0x00007ff95c1c0000 - 0x00007ff95c2ba000 	C:\WINDOWS\System32\ucrtbase.dll
0x00007ff94aa10000 - 0x00007ff94ac95000 	C:\WINDOWS\WinSxS\amd64_microsoft.windows.common-controls_6595b64144ccf1df_6.0.18362.418_none_e6c6b287130d565d\COMCTL32.dll
0x00007ff95dad0000 - 0x00007ff95de06000 	C:\WINDOWS\System32\combase.dll
0x00007ff95bdb0000 - 0x00007ff95be30000 	C:\WINDOWS\System32\bcryptPrimitives.dll
0x00007ff95da40000 - 0x00007ff95da6e000 	C:\WINDOWS\System32\IMM32.DLL
0x00007ff92e930000 - 0x00007ff92ea1f000 	C:\Program Files\AdoptOpenJDK\jdk-8.0.222.10-hotspot\jre\bin\msvcr120.dll
0x00007ff92e880000 - 0x00007ff92e926000 	C:\Program Files\AdoptOpenJDK\jdk-8.0.222.10-hotspot\jre\bin\msvcp120.dll
0x000000005ade0000 - 0x000000005b5de000 	C:\Program Files\AdoptOpenJDK\jdk-8.0.222.10-hotspot\jre\bin\server\jvm.dll
0x00007ff95d7c0000 - 0x00007ff95d7c8000 	C:\WINDOWS\System32\PSAPI.DLL
0x00007ff953620000 - 0x00007ff95362a000 	C:\WINDOWS\SYSTEM32\VERSION.dll
0x00007ff945500000 - 0x00007ff945509000 	C:\WINDOWS\SYSTEM32\WSOCK32.dll
0x00007ff957590000 - 0x00007ff9575b4000 	C:\WINDOWS\SYSTEM32\WINMM.dll
0x00007ff95de90000 - 0x00007ff95deff000 	C:\WINDOWS\System32\WS2_32.dll
0x00007ff957560000 - 0x00007ff95758d000 	C:\WINDOWS\SYSTEM32\winmmbase.dll
0x00007ff95bd60000 - 0x00007ff95bdaa000 	C:\WINDOWS\System32\cfgmgr32.dll
0x00007ff955190000 - 0x00007ff95519f000 	C:\Program Files\AdoptOpenJDK\jdk-8.0.222.10-hotspot\jre\bin\verify.dll
0x00007ff938660000 - 0x00007ff938688000 	C:\Program Files\AdoptOpenJDK\jdk-8.0.222.10-hotspot\jre\bin\java.dll
0x00007ff93fd20000 - 0x00007ff93fd36000 	C:\Program Files\AdoptOpenJDK\jdk-8.0.222.10-hotspot\jre\bin\zip.dll

VM Arguments:
java_command: bphc.taxidriver.Main
java_class_path (initial): C:\Users\Abhijeet\Documents\NetBeansProjects\TaxiDriver\target\classes;C:\Users\Abhijeet\.m2\repository\org\xerial\sqlite-jdbc\3.28.0\sqlite-jdbc-3.28.0.jar;C:\Users\Abhijeet\.m2\repository\unknown\binary\AbsoluteLayout\SNAPSHOT\AbsoluteLayout-SNAPSHOT.jar
Launcher Type: SUN_STANDARD

Environment Variables:
JAVA_HOME=C:\Program Files\AdoptOpenJDK\jdk-8.0.222.10-hotspot
PATH=C:\Program Files\AdoptOpenJDK\jdk-8.0.222.10-hotspot\bin;C:\Program Files (x86)\Intel\Intel(R) Management Engine Components\iCLS\;C:\Program Files\Intel\Intel(R) Management Engine Components\iCLS\;C:\Windows\system32;C:\Windows;C:\Windows\System32\Wbem;C:\Windows\System32\WindowsPowerShell\v1.0\;C:\Program Files (x86)\Intel\Intel(R) Management Engine Components\DAL;C:\Program Files\Intel\Intel(R) Management Engine Components\DAL;C:\Program Files (x86)\Intel\Intel(R) Management Engine Components\IPT;C:\Program Files\Intel\Intel(R) Management Engine Components\IPT;C:\Program Files (x86)\NVIDIA Corporation\PhysX\Common;C:\Program Files\Intel\WiFi\bin\;C:\Program Files\Common Files\Intel\WirelessCommon\;C:\WINDOWS\system32;C:\WINDOWS;C:\WINDOWS\System32\Wbem;C:\WINDOWS\System32\WindowsPowerShell\v1.0\;C:\WINDOWS\System32\OpenSSH\;C:\Program Files\Git\cmd;C:\Util;C:\Program Files\dotnet\;C:\Users\Abhijeet\AppData\Local\Programs\Python\Python37-32\Scripts\;C:\Users\Abhijeet\AppData\Local\Programs\Python\Python37-32\;C:\Users\Abhijeet\AppData\Local\Microsoft\WindowsApps;C:\Users\Abhijeet\AppData\Local\Programs\Microsoft VS Code\bin
USERNAME=Abhijeet
OS=Windows_NT
PROCESSOR_IDENTIFIER=Intel64 Family 6 Model 158 Stepping 10, GenuineIntel



---------------  S Y S T E M  ---------------

OS: Windows 10.0 , 64 bit Build 18362 (10.0.18362.329)

CPU:total 8 (initial active 8) (4 cores per cpu, 2 threads per core) family 6 model 158 stepping 10, cmov, cx8, fxsr, mmx, sse, sse2, sse3, ssse3, sse4.1, sse4.2, popcnt, avx, avx2, aes, clmul, erms, 3dnowpref, lzcnt, ht, tsc, tscinvbit, bmi1, bmi2, adx

Memory: 4k page, physical 8273716k(1919024k free), swap 17002416k(5140k free)

vm_info: OpenJDK 64-Bit Server VM (25.222-b10) for windows-amd64 JRE (1.8.0_222-b10), built on Jul 17 2019 08:11:33 by "jenkins" with MS VC++ 12.0 (VS2013)

time: Tue Nov 12 07:32:53 2019
timezone: India Standard Time
elapsed time: 0 seconds (0d 0h 0m 0s)

