#
# There is insufficient memory for the Java Runtime Environment to continue.
# Native memory allocation (malloc) failed to allocate 1242016 bytes for Chunk::new
# Possible reasons:
#   The system is out of physical RAM or swap space
#   The process is running with CompressedOops enabled, and the Java Heap may be blocking the growth of the native heap
# Possible solutions:
#   Reduce memory load on the system
#   Increase physical memory or swap space
#   Check if swap backing store is full
#   Decrease Java heap size (-Xmx/-Xms)
#   Decrease number of Java threads
#   Decrease Java thread stack sizes (-Xss)
#   Set larger code cache with -XX:ReservedCodeCacheSize=
#   JVM is running with Unscaled Compressed Oops mode in which the Java heap is
#     placed in the first 4GB address space. The Java Heap base address is the
#     maximum limit for the native heap growth. Please use -XX:HeapBaseMinAddress
#     to set the Java Heap base and to place the Java Heap above 4GB virtual address.
# This output file may be truncated or incomplete.
#
#  Out of Memory Error (allocation.cpp:389), pid=16524, tid=0x000000000000312c
#
# JRE version: OpenJDK Runtime Environment (8.0_222-b10) (build 1.8.0_222-b10)
# Java VM: OpenJDK 64-Bit Server VM (25.222-b10 mixed mode windows-amd64 compressed oops)
# Failed to write core dump. Minidumps are not enabled by default on client versions of Windows
#

---------------  T H R E A D  ---------------

Current thread (0x0000022c36fb7800):  JavaThread "C2 CompilerThread0" daemon [_thread_in_native, id=12588, stack(0x000000f401000000,0x000000f401100000)]

Stack: [0x000000f401000000,0x000000f401100000]
[error occurred during error reporting (printing stack bounds), id 0xc0000005]

Native frames: (J=compiled Java code, j=interpreted, Vv=VM code, C=native code)


Current CompileTask:
C2:   1307 2270   !   4       java.net.URLClassLoader$1::run (63 bytes)


---------------  P R O C E S S  ---------------

Java Threads: ( => current thread )
  0x0000022c3bf0b000 JavaThread "Exec Input Stream Pumper" daemon [_thread_blocked, id=2644, stack(0x000000f401800000,0x000000f401900000)]
  0x0000022c3cf63800 JavaThread "Exec Stream Pumper" daemon [_thread_in_native, id=392, stack(0x000000f401700000,0x000000f401800000)]
  0x0000022c3b5f4800 JavaThread "Exec Stream Pumper" daemon [_thread_in_native, id=1600, stack(0x000000f401600000,0x000000f401700000)]
  0x0000022c38e40000 JavaThread "Service Thread" daemon [_thread_blocked, id=7120, stack(0x000000f401400000,0x000000f401500000)]
  0x0000022c36fc4800 JavaThread "C1 CompilerThread3" daemon [_thread_blocked, id=4552, stack(0x000000f401300000,0x000000f401400000)]
  0x0000022c36fbe000 JavaThread "C2 CompilerThread2" daemon [_thread_in_native, id=8296, stack(0x000000f401200000,0x000000f401300000)]
  0x0000022c36fb9800 JavaThread "C2 CompilerThread1" daemon [_thread_blocked, id=14472, stack(0x000000f401100000,0x000000f401200000)]
=>0x0000022c36fb7800 JavaThread "C2 CompilerThread0" daemon [_thread_in_native, id=12588, stack(0x000000f401000000,0x000000f401100000)]
  0x0000022c36fb3000 JavaThread "Attach Listener" daemon [_thread_blocked, id=13004, stack(0x000000f400f00000,0x000000f401000000)]
  0x0000022c36fb2000 JavaThread "Signal Dispatcher" daemon [_thread_blocked, id=16140, stack(0x000000f400e00000,0x000000f400f00000)]
  0x0000022c36f8c800 JavaThread "Finalizer" daemon [_thread_blocked, id=3696, stack(0x000000f400d00000,0x000000f400e00000)]
  0x0000022c36f84800 JavaThread "Reference Handler" daemon [_thread_blocked, id=13972, stack(0x000000f400c00000,0x000000f400d00000)]
  0x0000022c20ed4800 JavaThread "main" [_thread_in_native, id=14228, stack(0x000000f400200000,0x000000f400300000)]

Other Threads:
  0x0000022c36f5b000 VMThread [stack: 0x000000f400b00000,0x000000f400c00000] [id=11296]
  0x0000022c37029000 WatcherThread [stack: 0x000000f401500000,0x000000f401600000] [id=9816]

VM state:not at safepoint (normal execution)

VM Mutex/Monitor currently owned by a thread: None

heap address: 0x0000000081c00000, size: 2020 MB, Compressed Oops mode: 32-bit
Narrow klass base: 0x0000000000000000, Narrow klass shift: 3
Compressed class space size: 1073741824 Address: 0x0000000100000000

Heap:
 PSYoungGen      total 38400K, used 20398K [0x00000000d5f00000, 0x00000000daa00000, 0x0000000100000000)
  eden space 33280K, 46% used [0x00000000d5f00000,0x00000000d6df3808,0x00000000d7f80000)
  from space 5120K, 99% used [0x00000000d7f80000,0x00000000d8478020,0x00000000d8480000)
  to   space 5120K, 0% used [0x00000000da500000,0x00000000da500000,0x00000000daa00000)
 ParOldGen       total 87552K, used 4105K [0x0000000081c00000, 0x0000000087180000, 0x00000000d5f00000)
  object space 87552K, 4% used [0x0000000081c00000,0x00000000820026f0,0x0000000087180000)
 Metaspace       used 15753K, capacity 16100K, committed 16384K, reserved 1062912K
  class space    used 1886K, capacity 1985K, committed 2048K, reserved 1048576K

Card table byte_map: [0x0000022c31b60000,0x0000022c31f60000] byte_map_base: 0x0000022c31752000

Marking Bits: (ParMarkBitMap*) 0x000000005b564e90
 Begin Bits: [0x0000022c32210000, 0x0000022c341a0000)
 End Bits:   [0x0000022c341a0000, 0x0000022c36130000)

Polling page: 0x0000022c20e50000

CodeCache: size=245760Kb used=7720Kb max_used=7723Kb free=238039Kb
 bounds [0x0000022c227a0000, 0x0000022c22f40000, 0x0000022c317a0000]
 total_blobs=2637 nmethods=2295 adapters=255
 compilation: enabled

Compilation events (10 events):
Event: 1.246 Thread 0x0000022c36fc4800 2292       3       java.lang.ProcessEnvironment$CheckedEntry::getKey (13 bytes)
Event: 1.246 Thread 0x0000022c36fc4800 nmethod 2292 0x0000022c22f2da10 code [0x0000022c22f2db80, 0x0000022c22f2de90]
Event: 1.250 Thread 0x0000022c36fc4800 2294       3       org.codehaus.plexus.classworlds.realm.ClassRealm::loadClass (7 bytes)
Event: 1.250 Thread 0x0000022c36fc4800 nmethod 2294 0x0000022c22f31510 code [0x0000022c22f316a0, 0x0000022c22f31aa0]
Event: 1.251 Thread 0x0000022c36fc4800 2296   !   3       org.codehaus.plexus.classworlds.realm.ClassRealm::unsynchronizedLoadClass (19 bytes)
Event: 1.251 Thread 0x0000022c36fc4800 nmethod 2296 0x0000022c22f30fd0 code [0x0000022c22f31140, 0x0000022c22f313e0]
Event: 1.251 Thread 0x0000022c36fc4800 2295   !   3       org.codehaus.plexus.classworlds.realm.ClassRealm::loadClass (33 bytes)
Event: 1.251 Thread 0x0000022c36fc4800 nmethod 2295 0x0000022c22f309d0 code [0x0000022c22f30b60, 0x0000022c22f30e60]
Event: 1.252 Thread 0x0000022c36fc4800 2297   !   3       org.codehaus.plexus.classworlds.realm.ClassRealm::loadClassFromSelf (40 bytes)
Event: 1.252 Thread 0x0000022c36fc4800 nmethod 2297 0x0000022c22f2fed0 code [0x0000022c22f30080, 0x0000022c22f30740]

GC Heap History (6 events):
Event: 0.397 GC heap before
{Heap before GC invocations=1 (full 0):
 PSYoungGen      total 38400K, used 33280K [0x00000000d5f00000, 0x00000000d8980000, 0x0000000100000000)
  eden space 33280K, 100% used [0x00000000d5f00000,0x00000000d7f80000,0x00000000d7f80000)
  from space 5120K, 0% used [0x00000000d8480000,0x00000000d8480000,0x00000000d8980000)
  to   space 5120K, 0% used [0x00000000d7f80000,0x00000000d7f80000,0x00000000d8480000)
 ParOldGen       total 87552K, used 0K [0x0000000081c00000, 0x0000000087180000, 0x00000000d5f00000)
  object space 87552K, 0% used [0x0000000081c00000,0x0000000081c00000,0x0000000087180000)
 Metaspace       used 7943K, capacity 8092K, committed 8192K, reserved 1056768K
  class space    used 971K, capacity 1016K, committed 1024K, reserved 1048576K
Event: 0.401 GC heap after
Heap after GC invocations=1 (full 0):
 PSYoungGen      total 38400K, used 5119K [0x00000000d5f00000, 0x00000000d8980000, 0x0000000100000000)
  eden space 33280K, 0% used [0x00000000d5f00000,0x00000000d5f00000,0x00000000d7f80000)
  from space 5120K, 99% used [0x00000000d7f80000,0x00000000d847ff78,0x00000000d8480000)
  to   space 5120K, 0% used [0x00000000d8480000,0x00000000d8480000,0x00000000d8980000)
 ParOldGen       total 87552K, used 62K [0x0000000081c00000, 0x0000000087180000, 0x00000000d5f00000)
  object space 87552K, 0% used [0x0000000081c00000,0x0000000081c0f860,0x0000000087180000)
 Metaspace       used 7943K, capacity 8092K, committed 8192K, reserved 1056768K
  class space    used 971K, capacity 1016K, committed 1024K, reserved 1048576K
}
Event: 0.684 GC heap before
{Heap before GC invocations=2 (full 0):
 PSYoungGen      total 38400K, used 38399K [0x00000000d5f00000, 0x00000000d8980000, 0x0000000100000000)
  eden space 33280K, 100% used [0x00000000d5f00000,0x00000000d7f80000,0x00000000d7f80000)
  from space 5120K, 99% used [0x00000000d7f80000,0x00000000d847ff78,0x00000000d8480000)
  to   space 5120K, 0% used [0x00000000d8480000,0x00000000d8480000,0x00000000d8980000)
 ParOldGen       total 87552K, used 62K [0x0000000081c00000, 0x0000000087180000, 0x00000000d5f00000)
  object space 87552K, 0% used [0x0000000081c00000,0x0000000081c0f860,0x0000000087180000)
 Metaspace       used 12200K, capacity 12386K, committed 12672K, reserved 1060864K
  class space    used 1527K, capacity 1608K, committed 1664K, reserved 1048576K
Event: 0.689 GC heap after
Heap after GC invocations=2 (full 0):
 PSYoungGen      total 38400K, used 5103K [0x00000000d5f00000, 0x00000000daa00000, 0x0000000100000000)
  eden space 33280K, 0% used [0x00000000d5f00000,0x00000000d5f00000,0x00000000d7f80000)
  from space 5120K, 99% used [0x00000000d8480000,0x00000000d897bc00,0x00000000d8980000)
  to   space 5120K, 0% used [0x00000000d7f80000,0x00000000d7f80000,0x00000000d8480000)
 ParOldGen       total 87552K, used 2620K [0x0000000081c00000, 0x0000000087180000, 0x00000000d5f00000)
  object space 87552K, 2% used [0x0000000081c00000,0x0000000081e8f2c8,0x0000000087180000)
 Metaspace       used 12200K, capacity 12386K, committed 12672K, reserved 1060864K
  class space    used 1527K, capacity 1608K, committed 1664K, reserved 1048576K
}
Event: 1.080 GC heap before
{Heap before GC invocations=3 (full 0):
 PSYoungGen      total 38400K, used 38383K [0x00000000d5f00000, 0x00000000daa00000, 0x0000000100000000)
  eden space 33280K, 100% used [0x00000000d5f00000,0x00000000d7f80000,0x00000000d7f80000)
  from space 5120K, 99% used [0x00000000d8480000,0x00000000d897bc00,0x00000000d8980000)
  to   space 5120K, 0% used [0x00000000d7f80000,0x00000000d7f80000,0x00000000d8480000)
 ParOldGen       total 87552K, used 2620K [0x0000000081c00000, 0x0000000087180000, 0x00000000d5f00000)
  object space 87552K, 2% used [0x0000000081c00000,0x0000000081e8f2c8,0x0000000087180000)
 Metaspace       used 15032K, capacity 15288K, committed 15488K, reserved 1062912K
  class space    used 1800K, capacity 1881K, committed 1920K, reserved 1048576K
Event: 1.085 GC heap after
Heap after GC invocations=3 (full 0):
 PSYoungGen      total 38400K, used 5088K [0x00000000d5f00000, 0x00000000daa00000, 0x0000000100000000)
  eden space 33280K, 0% used [0x00000000d5f00000,0x00000000d5f00000,0x00000000d7f80000)
  from space 5120K, 99% used [0x00000000d7f80000,0x00000000d8478020,0x00000000d8480000)
  to   space 5120K, 0% used [0x00000000da500000,0x00000000da500000,0x00000000daa00000)
 ParOldGen       total 87552K, used 4105K [0x0000000081c00000, 0x0000000087180000, 0x00000000d5f00000)
  object space 87552K, 4% used [0x0000000081c00000,0x00000000820026f0,0x0000000087180000)
 Metaspace       used 15032K, capacity 15288K, committed 15488K, reserved 1062912K
  class space    used 1800K, capacity 1881K, committed 1920K, reserved 1048576K
}

Deoptimization events (10 events):
Event: 1.156 Thread 0x0000022c20ed4800 Uncommon trap: reason=speculate_class_check action=maybe_recompile pc=0x0000022c22eb64b8 method=java.nio.charset.CharsetDecoder.decode(Ljava/nio/ByteBuffer;Ljava/nio/CharBuffer;Z)Ljava/nio/charset/CoderResult; @ 57
Event: 1.157 Thread 0x0000022c20ed4800 Uncommon trap: reason=speculate_class_check action=maybe_recompile pc=0x0000022c22ebd8bc method=java.nio.charset.CharsetDecoder.decode(Ljava/nio/ByteBuffer;Ljava/nio/CharBuffer;Z)Ljava/nio/charset/CoderResult; @ 57
Event: 1.158 Thread 0x0000022c20ed4800 Uncommon trap: reason=speculate_class_check action=maybe_recompile pc=0x0000022c22ebd8bc method=java.nio.charset.CharsetDecoder.decode(Ljava/nio/ByteBuffer;Ljava/nio/CharBuffer;Z)Ljava/nio/charset/CoderResult; @ 57
Event: 1.164 Thread 0x0000022c20ed4800 Uncommon trap: reason=class_check action=maybe_recompile pc=0x0000022c22e8d74c method=org.apache.maven.model.interpolation.StringSearchModelInterpolator$InterpolateObjectAction$MapField.doInterpolate(Ljava/lang/Object;Lorg/apache/maven/model/interpolation
Event: 1.164 Thread 0x0000022c20ed4800 Uncommon trap: reason=class_check action=maybe_recompile pc=0x0000022c22e8d74c method=org.apache.maven.model.interpolation.StringSearchModelInterpolator$InterpolateObjectAction$MapField.doInterpolate(Ljava/lang/Object;Lorg/apache/maven/model/interpolation
Event: 1.164 Thread 0x0000022c20ed4800 Uncommon trap: reason=class_check action=maybe_recompile pc=0x0000022c22e8d74c method=org.apache.maven.model.interpolation.StringSearchModelInterpolator$InterpolateObjectAction$MapField.doInterpolate(Ljava/lang/Object;Lorg/apache/maven/model/interpolation
Event: 1.217 Thread 0x0000022c20ed4800 Uncommon trap: reason=bimorphic action=maybe_recompile pc=0x0000022c22d53310 method=java.util.regex.Pattern$CharProperty.match(Ljava/util/regex/Matcher;ILjava/lang/CharSequence;)Z @ 37
Event: 1.236 Thread 0x0000022c20ed4800 Uncommon trap: reason=bimorphic action=maybe_recompile pc=0x0000022c22d22d34 method=java.util.concurrent.ConcurrentHashMap.get(Ljava/lang/Object;)Ljava/lang/Object; @ 149
Event: 1.236 Thread 0x0000022c20ed4800 Uncommon trap: reason=bimorphic action=maybe_recompile pc=0x0000022c22d22d34 method=java.util.concurrent.ConcurrentHashMap.get(Ljava/lang/Object;)Ljava/lang/Object; @ 149
Event: 1.236 Thread 0x0000022c20ed4800 Uncommon trap: reason=bimorphic action=maybe_recompile pc=0x0000022c22d22d34 method=java.util.concurrent.ConcurrentHashMap.get(Ljava/lang/Object;)Ljava/lang/Object; @ 149

Classes redefined (0 events):
No events

Internal exceptions (10 events):
Event: 0.778 Thread 0x0000022c20ed4800 Exception <a 'java/lang/NullPointerException'> (0x00000000d6684e38) thrown at [C:\cygwin64\tmp\openjdk-jdk8u-windows-x64-hotspot\workspace\build\src\hotspot\src\share\vm\interpreter\linkResolver.cpp, line 1185]
Event: 0.778 Thread 0x0000022c20ed4800 Exception <a 'java/lang/NullPointerException'> (0x00000000d6685050) thrown at [C:\cygwin64\tmp\openjdk-jdk8u-windows-x64-hotspot\workspace\build\src\hotspot\src\share\vm\interpreter\linkResolver.cpp, line 1185]
Event: 0.778 Thread 0x0000022c20ed4800 Exception <a 'java/lang/NullPointerException'> (0x00000000d6685268) thrown at [C:\cygwin64\tmp\openjdk-jdk8u-windows-x64-hotspot\workspace\build\src\hotspot\src\share\vm\interpreter\linkResolver.cpp, line 1185]
Event: 0.779 Thread 0x0000022c20ed4800 Exception <a 'java/lang/NullPointerException'> (0x00000000d6695288) thrown at [C:\cygwin64\tmp\openjdk-jdk8u-windows-x64-hotspot\workspace\build\src\hotspot\src\share\vm\interpreter\linkResolver.cpp, line 1185]
Event: 0.779 Thread 0x0000022c20ed4800 Exception <a 'java/lang/NullPointerException'> (0x00000000d66954a0) thrown at [C:\cygwin64\tmp\openjdk-jdk8u-windows-x64-hotspot\workspace\build\src\hotspot\src\share\vm\interpreter\linkResolver.cpp, line 1185]
Event: 0.779 Thread 0x0000022c20ed4800 Exception <a 'java/lang/NullPointerException'> (0x00000000d66956b8) thrown at [C:\cygwin64\tmp\openjdk-jdk8u-windows-x64-hotspot\workspace\build\src\hotspot\src\share\vm\interpreter\linkResolver.cpp, line 1185]
Event: 0.877 Thread 0x0000022c20ed4800 Implicit null exception at 0x0000022c22a70cd5 to 0x0000022c22a70ead
Event: 0.877 Thread 0x0000022c20ed4800 Implicit null exception at 0x0000022c22a6e86f to 0x0000022c22a6e8d9
Event: 0.878 Thread 0x0000022c20ed4800 Implicit null exception at 0x0000022c22acd95b to 0x0000022c22acdddd
Event: 0.965 Thread 0x0000022c20ed4800 Implicit null exception at 0x0000022c22d91365 to 0x0000022c22d92579

Events (10 events):
Event: 1.249 loading class org/apache/commons/exec/InputStreamPumper done
Event: 1.250 loading class java/io/PipedOutputStream
Event: 1.250 loading class java/io/PipedOutputStream done
Event: 1.250 loading class org/apache/commons/exec/StreamPumper
Event: 1.250 loading class org/apache/commons/exec/StreamPumper done
Event: 1.250 loading class org/apache/commons/exec/StreamPumper
Event: 1.250 loading class org/apache/commons/exec/StreamPumper done
Event: 1.251 Thread 0x0000022c3b5f4800 Thread added: 0x0000022c3b5f4800
Event: 1.251 Thread 0x0000022c3cf63800 Thread added: 0x0000022c3cf63800
Event: 1.251 Thread 0x0000022c3bf0b000 Thread added: 0x0000022c3bf0b000


Dynamic libraries:
0x00007ff76e7a0000 - 0x00007ff76e7da000 	C:\Program Files\AdoptOpenJDK\jdk-8.0.222.10-hotspot\bin\java.exe
0x00007ff95e360000 - 0x00007ff95e550000 	C:\WINDOWS\SYSTEM32\ntdll.dll
0x00007ff95ce20000 - 0x00007ff95ced2000 	C:\WINDOWS\System32\KERNEL32.DLL
0x00007ff95be30000 - 0x00007ff95c0d3000 	C:\WINDOWS\System32\KERNELBASE.dll
0x00007ff958ef0000 - 0x00007ff958f7f000 	C:\WINDOWS\SYSTEM32\apphelp.dll
0x00007ff95d1d0000 - 0x00007ff95d273000 	C:\WINDOWS\System32\ADVAPI32.dll
0x00007ff95d130000 - 0x00007ff95d1ce000 	C:\WINDOWS\System32\msvcrt.dll
0x00007ff95d710000 - 0x00007ff95d7a7000 	C:\WINDOWS\System32\sechost.dll
0x00007ff95df00000 - 0x00007ff95e020000 	C:\WINDOWS\System32\RPCRT4.dll
0x00007ff95e120000 - 0x00007ff95e2b4000 	C:\WINDOWS\System32\USER32.dll
0x00007ff95b2f0000 - 0x00007ff95b311000 	C:\WINDOWS\System32\win32u.dll
0x00007ff95e020000 - 0x00007ff95e046000 	C:\WINDOWS\System32\GDI32.dll
0x00007ff95b3e0000 - 0x00007ff95b574000 	C:\WINDOWS\System32\gdi32full.dll
0x00007ff95b340000 - 0x00007ff95b3de000 	C:\WINDOWS\System32\msvcp_win.dll
0x00007ff95c1c0000 - 0x00007ff95c2ba000 	C:\WINDOWS\System32\ucrtbase.dll
0x00007ff94aa10000 - 0x00007ff94ac95000 	C:\WINDOWS\WinSxS\amd64_microsoft.windows.common-controls_6595b64144ccf1df_6.0.18362.418_none_e6c6b287130d565d\COMCTL32.dll
0x00007ff95dad0000 - 0x00007ff95de06000 	C:\WINDOWS\System32\combase.dll
0x00007ff95bdb0000 - 0x00007ff95be30000 	C:\WINDOWS\System32\bcryptPrimitives.dll
0x00007ff95da40000 - 0x00007ff95da6e000 	C:\WINDOWS\System32\IMM32.DLL
0x00007ff92e930000 - 0x00007ff92ea1f000 	C:\Program Files\AdoptOpenJDK\jdk-8.0.222.10-hotspot\jre\bin\msvcr120.dll
0x00007ff92e880000 - 0x00007ff92e926000 	C:\Program Files\AdoptOpenJDK\jdk-8.0.222.10-hotspot\jre\bin\msvcp120.dll
0x000000005ade0000 - 0x000000005b5de000 	C:\Program Files\AdoptOpenJDK\jdk-8.0.222.10-hotspot\jre\bin\server\jvm.dll
0x00007ff95d7c0000 - 0x00007ff95d7c8000 	C:\WINDOWS\System32\PSAPI.DLL
0x00007ff953620000 - 0x00007ff95362a000 	C:\WINDOWS\SYSTEM32\VERSION.dll
0x00007ff957590000 - 0x00007ff9575b4000 	C:\WINDOWS\SYSTEM32\WINMM.dll
0x00007ff945500000 - 0x00007ff945509000 	C:\WINDOWS\SYSTEM32\WSOCK32.dll
0x00007ff95de90000 - 0x00007ff95deff000 	C:\WINDOWS\System32\WS2_32.dll
0x00007ff957560000 - 0x00007ff95758d000 	C:\WINDOWS\SYSTEM32\winmmbase.dll
0x00007ff95bd60000 - 0x00007ff95bdaa000 	C:\WINDOWS\System32\cfgmgr32.dll
0x00007ff955190000 - 0x00007ff95519f000 	C:\Program Files\AdoptOpenJDK\jdk-8.0.222.10-hotspot\jre\bin\verify.dll
0x00007ff938660000 - 0x00007ff938688000 	C:\Program Files\AdoptOpenJDK\jdk-8.0.222.10-hotspot\jre\bin\java.dll
0x00007ff93fd20000 - 0x00007ff93fd36000 	C:\Program Files\AdoptOpenJDK\jdk-8.0.222.10-hotspot\jre\bin\zip.dll
0x00007ff95c410000 - 0x00007ff95caf5000 	C:\WINDOWS\System32\SHELL32.dll
0x00007ff95cf60000 - 0x00007ff95d009000 	C:\WINDOWS\System32\shcore.dll
0x00007ff95b580000 - 0x00007ff95bcff000 	C:\WINDOWS\System32\windows.storage.dll
0x00007ff95b2b0000 - 0x00007ff95b2cf000 	C:\WINDOWS\System32\profapi.dll
0x00007ff95b260000 - 0x00007ff95b2aa000 	C:\WINDOWS\System32\powrprof.dll
0x00007ff95b230000 - 0x00007ff95b240000 	C:\WINDOWS\System32\UMPDC.dll
0x00007ff95e2c0000 - 0x00007ff95e312000 	C:\WINDOWS\System32\shlwapi.dll
0x00007ff95b240000 - 0x00007ff95b251000 	C:\WINDOWS\System32\kernel.appcore.dll
0x00007ff95b320000 - 0x00007ff95b337000 	C:\WINDOWS\System32\cryptsp.dll
0x00007ff93faa0000 - 0x00007ff93faba000 	C:\Program Files\AdoptOpenJDK\jdk-8.0.222.10-hotspot\jre\bin\net.dll
0x00007ff94c320000 - 0x00007ff94c4f6000 	C:\WINDOWS\SYSTEM32\urlmon.dll
0x00007ff94caf0000 - 0x00007ff94cd96000 	C:\WINDOWS\SYSTEM32\iertutil.dll
0x00007ff95ac70000 - 0x00007ff95ac7c000 	C:\WINDOWS\SYSTEM32\CRYPTBASE.DLL
0x00007ff95aaa0000 - 0x00007ff95ab07000 	C:\WINDOWS\system32\mswsock.dll
0x00007ff94e7d0000 - 0x00007ff94e7e2000 	C:\Program Files\AdoptOpenJDK\jdk-8.0.222.10-hotspot\jre\bin\nio.dll

VM Arguments:
jvm_args: -Dclassworlds.conf=C:\Users\Abhijeet\netbeans\java\maven\bin\m2.conf -Dmaven.home=C:\Users\Abhijeet\netbeans\java\maven -Dmaven.multiModuleProjectDirectory=C:\Users\Abhijeet\Documents\NetBeansProjects\TaxiDriver 
java_command: org.codehaus.plexus.classworlds.launcher.Launcher -Dexec.args=-classpath %classpath bphc.taxidriver.Main -Dexec.executable=C:\Program Files\AdoptOpenJDK\jdk-8.0.222.10-hotspot\bin\java.exe -Dmaven.ext.class.path=C:\Users\Abhijeet\netbeans\java\maven-nblib\netbeans-eventspy.jar -Dfile.encoding=UTF-8 org.codehaus.mojo:exec-maven-plugin:1.5.0:exec
java_class_path (initial): C:\Users\Abhijeet\netbeans\java\maven\boot\plexus-classworlds-2.5.2.jar
Launcher Type: SUN_STANDARD

Environment Variables:
JAVA_HOME=C:\Program Files\AdoptOpenJDK\jdk-8.0.222.10-hotspot
PATH=C:\Program Files\AdoptOpenJDK\jdk-8.0.222.10-hotspot\bin;C:\Program Files (x86)\Intel\Intel(R) Management Engine Components\iCLS\;C:\Program Files\Intel\Intel(R) Management Engine Components\iCLS\;C:\Windows\system32;C:\Windows;C:\Windows\System32\Wbem;C:\Windows\System32\WindowsPowerShell\v1.0\;C:\Program Files (x86)\Intel\Intel(R) Management Engine Components\DAL;C:\Program Files\Intel\Intel(R) Management Engine Components\DAL;C:\Program Files (x86)\Intel\Intel(R) Management Engine Components\IPT;C:\Program Files\Intel\Intel(R) Management Engine Components\IPT;C:\Program Files (x86)\NVIDIA Corporation\PhysX\Common;C:\Program Files\Intel\WiFi\bin\;C:\Program Files\Common Files\Intel\WirelessCommon\;C:\WINDOWS\system32;C:\WINDOWS;C:\WINDOWS\System32\Wbem;C:\WINDOWS\System32\WindowsPowerShell\v1.0\;C:\WINDOWS\System32\OpenSSH\;C:\Program Files\Git\cmd;C:\Util;C:\Program Files\dotnet\;C:\Users\Abhijeet\AppData\Local\Programs\Python\Python37-32\Scripts\;C:\Users\Abhijeet\AppData\Local\Programs\Python\Python37-32\;C:\Users\Abhijeet\AppData\Local\Microsoft\WindowsApps;C:\Users\Abhijeet\AppData\Local\Programs\Microsoft VS Code\bin
USERNAME=Abhijeet
OS=Windows_NT
PROCESSOR_IDENTIFIER=Intel64 Family 6 Model 158 Stepping 10, GenuineIntel



---------------  S Y S T E M  ---------------

OS: Windows 10.0 , 64 bit Build 18362 (10.0.18362.329)

CPU:total 8 (initial active 8) (4 cores per cpu, 2 threads per core) family 6 model 158 stepping 10, cmov, cx8, fxsr, mmx, sse, sse2, sse3, ssse3, sse4.1, sse4.2, popcnt, avx, avx2, aes, clmul, erms, 3dnowpref, lzcnt, ht, tsc, tscinvbit, bmi1, bmi2, adx

Memory: 4k page, physical 8273716k(1919024k free), swap 17002416k(5140k free)

vm_info: OpenJDK 64-Bit Server VM (25.222-b10) for windows-amd64 JRE (1.8.0_222-b10), built on Jul 17 2019 08:11:33 by "jenkins" with MS VC++ 12.0 (VS2013)

time: Tue Nov 12 07:32:53 2019
timezone: India Standard Time
elapsed time: 1 seconds (0d 0h 0m 1s)

